<?xml version="1.0" encoding="UTF-8"?>
<testng-results ignored="0" total="6" passed="5" failed="1" skipped="0">
  <reporter-output>
    <line>
      <![CDATA[Inside Login Test]]>
    </line>
    <line>
      <![CDATA[Clicking on bmlBtn_CSS]]>
    </line>
    <line>
      <![CDATA[Log in successfully]]>
    </line>
    <line>
      <![CDATA[Clicking on addCustBtn_CSS]]>
    </line>
    <line>
      <![CDATA[Clicking on addbtn_CSS]]>
    </line>
    <line>
      <![CDATA[Clicking on addCustBtn_CSS]]>
    </line>
    <line>
      <![CDATA[Clicking on addbtn_CSS]]>
    </line>
    <line>
      <![CDATA[Clicking on addCustBtn_CSS]]>
    </line>
    <line>
      <![CDATA[Clicking on addbtn_CSS]]>
    </line>
    <line>
      <![CDATA[Clicking on addCustBtn_CSS]]>
    </line>
    <line>
      <![CDATA[Clicking on addbtn_CSS]]>
    </line>
    <line>
      <![CDATA[Clicking on openaccount_CSS]]>
    </line>
    <line>
      <![CDATA[Clicking on process_CSS]]>
    </line>
  </reporter-output>
  <suite started-at="2022-01-19T19:57:28 CAT" name="Data Driven Basics" finished-at="2022-01-19T19:58:06 CAT" duration-ms="38392">
    <groups>
    </groups>
    <test started-at="2022-01-19T19:57:28 CAT" name="Bank Manager Login Test" finished-at="2022-01-19T19:57:33 CAT" duration-ms="5550">
      <class name="com.automation.testcases.BankManagerLoginTest">
        <test-method signature="loginAsBankManager()[pri:0, instance:com.automation.testcases.BankManagerLoginTest@1bab8268]" started-at="2022-01-19T19:57:28 CAT" name="loginAsBankManager" finished-at="2022-01-19T19:57:32 CAT" duration-ms="4457" status="FAIL">
          <exception class="java.lang.AssertionError">
            <message>
              <![CDATA[Testing failure screenshot]]>
            </message>
            <full-stacktrace>
              <![CDATA[java.lang.AssertionError: Testing failure screenshot
at org.testng.Assert.fail(Assert.java:97)
at com.automation.testcases.BankManagerLoginTest.loginAsBankManager(BankManagerLoginTest.java:25)
at java.base/jdk.internal.reflect.NativeMethodAccessorImpl.invoke0(Native Method)
at java.base/jdk.internal.reflect.NativeMethodAccessorImpl.invoke(NativeMethodAccessorImpl.java:62)
at java.base/jdk.internal.reflect.DelegatingMethodAccessorImpl.invoke(DelegatingMethodAccessorImpl.java:43)
at java.base/java.lang.reflect.Method.invoke(Method.java:566)
at org.testng.internal.MethodInvocationHelper.invokeMethod(MethodInvocationHelper.java:133)
at org.testng.internal.TestInvoker.invokeMethod(TestInvoker.java:584)
at org.testng.internal.TestInvoker.invokeTestMethod(TestInvoker.java:172)
at org.testng.internal.MethodRunner.runInSequence(MethodRunner.java:46)
at org.testng.internal.TestInvoker$MethodInvocationAgent.invoke(TestInvoker.java:804)
at org.testng.internal.TestInvoker.invokeTestMethods(TestInvoker.java:145)
at org.testng.internal.TestMethodWorker.invokeTestMethods(TestMethodWorker.java:146)
at org.testng.internal.TestMethodWorker.run(TestMethodWorker.java:128)
at java.base/java.util.ArrayList.forEach(ArrayList.java:1541)
at org.testng.TestRunner.privateRun(TestRunner.java:770)
at org.testng.TestRunner.run(TestRunner.java:591)
at org.testng.SuiteRunner.runTest(SuiteRunner.java:402)
at org.testng.SuiteRunner.runSequentially(SuiteRunner.java:396)
at org.testng.SuiteRunner.privateRun(SuiteRunner.java:355)
at org.testng.SuiteRunner.run(SuiteRunner.java:304)
at org.testng.SuiteRunnerWorker.runSuite(SuiteRunnerWorker.java:53)
at org.testng.SuiteRunnerWorker.run(SuiteRunnerWorker.java:96)
at org.testng.TestNG.runSuitesSequentially(TestNG.java:1180)
at org.testng.TestNG.runSuitesLocally(TestNG.java:1102)
at org.testng.TestNG.runSuites(TestNG.java:1032)
at org.testng.TestNG.run(TestNG.java:1000)
at org.apache.maven.surefire.testng.TestNGExecutor.run(TestNGExecutor.java:295)
at org.apache.maven.surefire.testng.TestNGXmlTestSuite.execute(TestNGXmlTestSuite.java:84)
at org.apache.maven.surefire.testng.TestNGProvider.invoke(TestNGProvider.java:90)
at org.apache.maven.surefire.booter.ForkedBooter.invokeProviderInSameClassLoader(ForkedBooter.java:203)
at org.apache.maven.surefire.booter.ForkedBooter.runSuitesInProcess(ForkedBooter.java:155)
at org.apache.maven.surefire.booter.ForkedBooter.main(ForkedBooter.java:103)
]]>
            </full-stacktrace>
          </exception> <!-- java.lang.AssertionError -->
          <reporter-output>
            <line>
              <![CDATA[Inside Login Test]]>
            </line>
            <line>
              <![CDATA[Clicking on bmlBtn_CSS]]>
            </line>
            <line>
              <![CDATA[Log in successfully]]>
            </line>
          </reporter-output>
        </test-method> <!-- loginAsBankManager -->
      </class> <!-- com.automation.testcases.BankManagerLoginTest -->
    </test> <!-- Bank Manager Login Test -->
    <test started-at="2022-01-19T19:57:34 CAT" name="Add Customer Test" finished-at="2022-01-19T19:58:03 CAT" duration-ms="28762">
      <class name="com.automation.testcases.AddCustomerTest">
        <test-method signature="addCustomerTest(java.util.Hashtable)[pri:0, instance:com.automation.testcases.AddCustomerTest@61eaec38]" started-at="2022-01-19T19:57:36 CAT" name="addCustomerTest" data-provider="dp" finished-at="2022-01-19T19:57:49 CAT" duration-ms="13534" status="PASS">
          <params>
            <param index="0">
              <value>
                <![CDATA[{alerttext=Customer added successfully, postcode=A234wd, lastname=Arora, runmode=Y, firstname=Raman}]]>
              </value>
            </param>
          </params>
          <reporter-output>
            <line>
              <![CDATA[Clicking on addCustBtn_CSS]]>
            </line>
            <line>
              <![CDATA[Clicking on addbtn_CSS]]>
            </line>
          </reporter-output>
        </test-method> <!-- addCustomerTest -->
        <test-method signature="addCustomerTest(java.util.Hashtable)[pri:0, instance:com.automation.testcases.AddCustomerTest@61eaec38]" started-at="2022-01-19T19:57:49 CAT" name="addCustomerTest" data-provider="dp" finished-at="2022-01-19T19:57:54 CAT" duration-ms="4653" status="PASS">
          <params>
            <param index="0">
              <value>
                <![CDATA[{alerttext=Customer added successfully, postcode=A234wd, lastname=Arora, runmode=Y, firstname=Rahul}]]>
              </value>
            </param>
          </params>
          <reporter-output>
            <line>
              <![CDATA[Clicking on addCustBtn_CSS]]>
            </line>
            <line>
              <![CDATA[Clicking on addbtn_CSS]]>
            </line>
          </reporter-output>
        </test-method> <!-- addCustomerTest -->
        <test-method signature="addCustomerTest(java.util.Hashtable)[pri:0, instance:com.automation.testcases.AddCustomerTest@61eaec38]" started-at="2022-01-19T19:57:54 CAT" name="addCustomerTest" data-provider="dp" finished-at="2022-01-19T19:57:58 CAT" duration-ms="4556" status="PASS">
          <params>
            <param index="0">
              <value>
                <![CDATA[{alerttext=Customer added successfully, postcode=A234wd, lastname=Arora, runmode=Y, firstname=Ishita}]]>
              </value>
            </param>
          </params>
          <reporter-output>
            <line>
              <![CDATA[Clicking on addCustBtn_CSS]]>
            </line>
            <line>
              <![CDATA[Clicking on addbtn_CSS]]>
            </line>
          </reporter-output>
        </test-method> <!-- addCustomerTest -->
        <test-method signature="addCustomerTest(java.util.Hashtable)[pri:0, instance:com.automation.testcases.AddCustomerTest@61eaec38]" started-at="2022-01-19T19:57:58 CAT" name="addCustomerTest" data-provider="dp" finished-at="2022-01-19T19:58:03 CAT" duration-ms="4436" status="PASS">
          <params>
            <param index="0">
              <value>
                <![CDATA[{alerttext=Customer added successfully, postcode=A234wd, lastname=Sehgal, runmode=Y, firstname=Rohit}]]>
              </value>
            </param>
          </params>
          <reporter-output>
            <line>
              <![CDATA[Clicking on addCustBtn_CSS]]>
            </line>
            <line>
              <![CDATA[Clicking on addbtn_CSS]]>
            </line>
          </reporter-output>
        </test-method> <!-- addCustomerTest -->
      </class> <!-- com.automation.testcases.AddCustomerTest -->
    </test> <!-- Add Customer Test -->
    <test started-at="2022-01-19T19:58:04 CAT" name="Open Account Test" finished-at="2022-01-19T19:58:06 CAT" duration-ms="2754">
      <class name="com.automation.testcases.OpenAccountTest">
        <test-method is-config="true" signature="setUp()[pri:0, instance:com.automation.testcases.OpenAccountTest@490caf5f]" started-at="2022-01-19T19:56:52 CAT" name="setUp" finished-at="2022-01-19T19:57:28 CAT" duration-ms="35999" status="PASS">
          <reporter-output>
          </reporter-output>
        </test-method> <!-- setUp -->
        <test-method signature="openAccountTest(java.util.Hashtable)[pri:0, instance:com.automation.testcases.OpenAccountTest@490caf5f]" started-at="2022-01-19T19:58:04 CAT" name="openAccountTest" data-provider="dp" finished-at="2022-01-19T19:58:06 CAT" duration-ms="2696" status="PASS">
          <params>
            <param index="0">
              <value>
                <![CDATA[{currency=Rupee, customer=Raman Arora}]]>
              </value>
            </param>
          </params>
          <reporter-output>
            <line>
              <![CDATA[Clicking on openaccount_CSS]]>
            </line>
            <line>
              <![CDATA[Clicking on process_CSS]]>
            </line>
          </reporter-output>
        </test-method> <!-- openAccountTest -->
        <test-method is-config="true" signature="tearDown()[pri:0, instance:com.automation.testcases.OpenAccountTest@490caf5f]" started-at="2022-01-19T19:58:06 CAT" name="tearDown" finished-at="2022-01-19T19:58:09 CAT" duration-ms="2832" status="PASS">
          <reporter-output>
          </reporter-output>
        </test-method> <!-- tearDown -->
      </class> <!-- com.automation.testcases.OpenAccountTest -->
    </test> <!-- Open Account Test -->
  </suite> <!-- Data Driven Basics -->
</testng-results>
